<?xml version="1.0" encoding="UTF-8"?>
<testng-results total="1" passed="1" failed="0" skipped="0">
  <reporter-output>
  </reporter-output>
  <suite started-at="2021-05-05T20:28:31Z" name="Surefire suite" finished-at="2021-05-05T20:28:31Z" duration-ms="52">
    <groups>
    </groups>
    <test started-at="2021-05-05T20:28:31Z" name="Surefire test" finished-at="2021-05-05T20:28:31Z" duration-ms="52">
      <class name="qaclickacademy.Mavenjava.AppTest">
        <test-method signature="shouldAnswerWithTrue()[pri:0, instance:shouldAnswerWithTrue(qaclickacademy.Mavenjava.AppTest)]" started-at="2021-05-06T01:58:31Z" name="shouldAnswerWithTrue" finished-at="2021-05-06T01:58:31Z" duration-ms="1" status="PASS">
          <reporter-output>
          </reporter-output>
        </test-method> <!-- shouldAnswerWithTrue -->
      </class> <!-- qaclickacademy.Mavenjava.AppTest -->
    </test> <!-- Surefire test -->
  </suite> <!-- Surefire suite -->
</testng-results>
