<?xml version="1.0" encoding="UTF-8"?>
<testng-results total="2" passed="2" failed="0" skipped="0">
  <reporter-output>
  </reporter-output>
  <suite started-at="2021-05-05T20:28:31Z" name="Surefire suite" finished-at="2021-05-05T20:28:31Z" duration-ms="38">
    <groups>
    </groups>
    <test started-at="2021-05-05T20:28:31Z" name="Surefire test" finished-at="2021-05-05T20:28:31Z" duration-ms="38">
      <class name="qaclickacademy.Mavenjava.DemoTest">
        <test-method signature="demotest()[pri:0, instance:qaclickacademy.Mavenjava.DemoTest@2c767a52]" started-at="2021-05-06T01:58:31Z" name="demotest" finished-at="2021-05-06T01:58:31Z" duration-ms="13" status="PASS">
          <reporter-output>
          </reporter-output>
        </test-method> <!-- demotest -->
      </class> <!-- qaclickacademy.Mavenjava.DemoTest -->
      <class name="qaclickacademy.Mavenjava.SeleniumTest">
        <test-method signature="BrowserAutomation()[pri:0, instance:qaclickacademy.Mavenjava.SeleniumTest@1cbbffcd]" started-at="2021-05-06T01:58:31Z" name="BrowserAutomation" finished-at="2021-05-06T01:58:31Z" duration-ms="1" status="PASS">
          <reporter-output>
          </reporter-output>
        </test-method> <!-- BrowserAutomation -->
      </class> <!-- qaclickacademy.Mavenjava.SeleniumTest -->
    </test> <!-- Surefire test -->
  </suite> <!-- Surefire suite -->
</testng-results>
