<?xml version="1.0" encoding="UTF-8"?>
<testng-results total="2" passed="2" failed="0" skipped="0">
  <reporter-output>
  </reporter-output>
  <suite started-at="2021-06-07T19:27:07Z" name="Command line suite" finished-at="2021-06-07T19:27:07Z" duration-ms="40">
    <groups>
    </groups>
    <test started-at="2021-06-07T19:27:07Z" name="Command line test" finished-at="2021-06-07T19:27:07Z" duration-ms="40">
      <class name="qaclickacademy.Mavenjava.DemoTest">
        <test-method signature="demotest()[pri:0, instance:qaclickacademy.Mavenjava.DemoTest@18ce0030]" started-at="2021-06-08T00:57:07Z" name="demotest" finished-at="2021-06-08T00:57:07Z" duration-ms="15" status="PASS">
          <reporter-output>
          </reporter-output>
        </test-method> <!-- demotest -->
      </class> <!-- qaclickacademy.Mavenjava.DemoTest -->
      <class name="qaclickacademy.Mavenjava.SeleniumTest">
        <test-method signature="BrowserAutomation()[pri:0, instance:qaclickacademy.Mavenjava.SeleniumTest@124c278f]" started-at="2021-06-08T00:57:07Z" name="BrowserAutomation" finished-at="2021-06-08T00:57:07Z" duration-ms="1" status="PASS">
          <reporter-output>
          </reporter-output>
        </test-method> <!-- BrowserAutomation -->
      </class> <!-- qaclickacademy.Mavenjava.SeleniumTest -->
    </test> <!-- Command line test -->
  </suite> <!-- Command line suite -->
</testng-results>
