<?xml version="1.0" encoding="UTF-8"?>
<testng-results ignored="0" total="1" passed="1" failed="0" skipped="0">
  <reporter-output>
  </reporter-output>
  <suite started-at="2021-05-20T17:18:32 IST" name="Default suite" finished-at="2021-05-20T17:18:41 IST" duration-ms="8942">
    <groups>
    </groups>
    <test started-at="2021-05-20T17:18:32 IST" name="Default test" finished-at="2021-05-20T17:18:41 IST" duration-ms="8942">
      <class name="qaclickacademy.Mavenjava.ExtentrReports">
        <test-method is-config="true" signature="config()[pri:0, instance:qaclickacademy.Mavenjava.ExtentrReports@69fb6037]" started-at="2021-05-20T17:18:32 IST" name="config" finished-at="2021-05-20T17:18:32 IST" duration-ms="405" status="PASS">
          <reporter-output>
          </reporter-output>
        </test-method> <!-- config -->
        <test-method signature="demo()[pri:0, instance:qaclickacademy.Mavenjava.ExtentrReports@69fb6037]" started-at="2021-05-20T17:18:32 IST" name="demo" finished-at="2021-05-20T17:18:41 IST" duration-ms="8482" status="PASS">
          <reporter-output>
          </reporter-output>
        </test-method> <!-- demo -->
      </class> <!-- qaclickacademy.Mavenjava.ExtentrReports -->
    </test> <!-- Default test -->
  </suite> <!-- Default suite -->
</testng-results>
